<?xml version="1.0" encoding="UTF-8"?>
<testng-results skipped="0" failed="0" total="1" passed="1">
  <reporter-output>
  </reporter-output>
  <suite name="Suite" duration-ms="48" started-at="2022-11-16T15:25:41Z" finished-at="2022-11-16T15:25:41Z">
    <groups>
    </groups>
    <test name="chrome test" duration-ms="48" started-at="2022-11-16T15:25:41Z" finished-at="2022-11-16T15:25:41Z">
      <class name="org.testng.Test1">
        <test-method status="PASS" signature="m2()[pri:0, instance:org.testng.Test1@48140564]" name="m2" duration-ms="14" started-at="2022-11-16T20:55:41Z" finished-at="2022-11-16T20:55:41Z">
          <reporter-output>
          </reporter-output>
        </test-method> <!-- m2 -->
      </class> <!-- org.testng.Test1 -->
    </test> <!-- chrome test -->
  </suite> <!-- Suite -->
</testng-results>
